2019-10-30 10:53:49.270: -----程序开始-----__init__
2019-10-30 10:53:49.273: 开始监听
2019-10-30 10:53:50.179: 打开相机成功
2019-10-30 10:54:00.072: 获取图像成功(2590 * 1942)
2019-10-30 10:54:00.241: 轮廓个数不符合：0
2019-10-30 10:54:00.333: 标定异常
2019-10-30 10:54:03.780: 关闭监听
2019-10-30 10:54:04.045: 关闭相机
2019-10-30 10:54:04.046: -----结束程序-----OnCancel

2019-10-30 10:56:05.315: -----程序开始-----__init__
2019-10-30 10:56:05.320: 开始监听
2019-10-30 10:56:06.175: 打开相机成功
2019-10-30 10:56:21.436: 获取图像成功(2590 * 1942)
2019-10-30 10:56:21.598: 轮廓个数不符合：0
2019-10-30 10:56:21.729: 标定异常
2019-10-30 10:56:25.040: 关闭监听
2019-10-30 10:56:25.318: 关闭相机
2019-10-30 10:56:25.319: -----结束程序-----OnCancel

2019-10-30 10:57:20.465: -----程序开始-----__init__
2019-10-30 10:57:20.467: 开始监听
2019-10-30 10:57:21.377: 打开相机成功
2019-10-30 10:57:23.883: 获取图像成功(2590 * 1942)
2019-10-30 10:57:24.036: 239312.00的面积可以
2019-10-30 10:57:24.037: 长宽差 = 584.61
2019-10-30 10:57:24.037: 旋转矩形大小(898.29,313.68)，中心(1168.28,1461.67)，角度 = -2.24
2019-10-30 10:57:24.038: DrawBox Done
2019-10-30 10:57:24.153: 标定完成
2019-10-30 10:57:28.724: 关闭监听
2019-10-30 10:57:28.983: 关闭相机
2019-10-30 10:57:28.984: -----结束程序-----OnCancel

2019-10-30 10:59:18.449: -----程序开始-----__init__
2019-10-30 10:59:18.452: 开始监听
2019-10-30 10:59:19.289: 打开相机成功
2019-10-30 10:59:22.428: 获取图像成功(2590 * 1942)
2019-10-30 10:59:22.572: 250091.50的面积可以
2019-10-30 10:59:22.573: 长宽差 = 589.23
2019-10-30 10:59:22.573: 旋转矩形大小(916.43,327.19)，中心(1168.40,1470.71)，角度 = -2.15
2019-10-30 10:59:22.574: DrawBox Done
2019-10-30 10:59:22.703: 标定完成
2019-10-30 10:59:25.294: 关闭监听
2019-10-30 10:59:25.557: 关闭相机
2019-10-30 10:59:25.558: -----结束程序-----OnCancel

2019-10-30 11:01:24.578: -----程序开始-----__init__
2019-10-30 11:01:24.579: 开始监听
2019-10-30 11:01:25.180: 打开相机成功
2019-10-30 11:01:27.812: 获取图像成功(2590 * 1942)
2019-10-30 11:01:27.959: 249925.00的面积可以
2019-10-30 11:01:27.960: 长宽差 = 591.34
2019-10-30 11:01:27.960: 旋转矩形大小(917.16,325.82)，中心(1170.01,1469.32)，角度 = -2.11
2019-10-30 11:01:27.960: DrawBox Done
2019-10-30 11:01:27.999: 标定完成
2019-10-30 11:15:14.526: 关闭监听
2019-10-30 11:15:14.570: 关闭相机
2019-10-30 11:15:14.571: -----结束程序-----OnCancel

2019-10-30 11:15:30.177: -----程序开始-----__init__
2019-10-30 11:15:30.178: 开始监听
2019-10-30 11:15:30.764: 打开相机成功
2019-10-30 13:19:12.133: 关闭监听
2019-10-30 13:19:12.181: 关闭相机
2019-10-30 13:19:12.182: -----结束程序-----OnCancel

2019-10-30 13:20:20.047: -----程序开始-----__init__
2019-10-30 13:20:20.048: 开始监听
2019-10-30 13:20:20.641: 打开相机成功
2019-10-30 13:21:52.023: 获取图像成功(2590 * 1942)
2019-10-30 13:21:52.140: 250332.50的面积可以
2019-10-30 13:21:52.140: 长宽差 = 590.06
2019-10-30 13:21:52.140: 旋转矩形大小(917.21,327.16)，中心(1173.38,1464.73)，角度 = -2.15
2019-10-30 13:21:52.141: DrawBox Done
2019-10-30 13:21:52.178: 标定完成
2019-10-30 13:24:14.928: 关闭监听
2019-10-30 13:24:14.976: 关闭相机
2019-10-30 13:24:14.977: -----结束程序-----OnCancel

2019-10-30 13:24:53.826: -----程序开始-----__init__
2019-10-30 13:24:53.828: 开始监听
2019-10-30 13:24:54.827: 打开相机成功
2019-10-30 13:24:57.964: 获取图像成功(2590 * 1942)
2019-10-30 13:24:58.150: 轮廓个数不符合：0
2019-10-30 13:24:58.297: 标定异常
2019-10-30 13:25:00.344: 关闭监听
2019-10-30 13:25:00.596: 关闭相机
2019-10-30 13:25:00.597: -----结束程序-----OnCancel

2019-10-30 13:25:25.228: -----程序开始-----__init__
2019-10-30 13:25:25.229: 开始监听
2019-10-30 13:25:25.842: 打开相机成功
2019-10-30 13:25:28.696: 获取图像成功(2590 * 1942)
2019-10-30 13:25:28.834: 250251.50的面积可以
2019-10-30 13:25:28.834: 长宽差 = 590.42
2019-10-30 13:25:28.834: 旋转矩形大小(917.96,327.54)，中心(1181.56,1461.67)，角度 = -2.19
2019-10-30 13:25:28.835: DrawBox Done
2019-10-30 13:25:28.877: 标定完成
2019-10-30 13:28:38.132: 关闭监听
2019-10-30 13:28:38.176: 关闭相机
2019-10-30 13:28:38.177: -----结束程序-----OnCancel

2019-10-30 13:28:41.039: -----程序开始-----__init__
2019-10-30 13:28:41.042: 开始监听
2019-10-30 13:28:41.853: 打开相机成功
2019-10-30 13:28:43.582: 关闭监听
2019-10-30 13:28:43.838: 关闭相机
2019-10-30 13:28:43.839: -----结束程序-----OnCancel

2019-10-30 13:29:00.594: -----程序开始-----__init__
2019-10-30 13:29:00.595: 开始监听
2019-10-30 13:29:01.211: 打开相机成功
2019-10-30 13:35:37.727: 关闭监听
2019-10-30 13:35:37.775: 关闭相机
2019-10-30 13:35:37.776: -----结束程序-----OnCancel

2019-10-30 13:36:12.336: -----程序开始-----__init__
2019-10-30 13:36:12.337: 开始监听
2019-10-30 13:36:12.937: 打开相机成功
2019-10-30 13:47:33.238: -----程序开始-----__init__
2019-10-30 13:47:33.244: 开始监听
2019-10-30 13:47:33.771: 打开相机成功
2019-10-30 14:03:58.578: 客户端连上
2019-10-30 14:03:59.578: 接受到消息  102
2019-10-30 14:03:59.665: 获取图像成功(2590 * 1942)
2019-10-30 14:03:59.781: 249721.50的面积可以
2019-10-30 14:03:59.782: 长宽差 = 589.43
2019-10-30 14:03:59.782: 旋转矩形大小(916.72,327.30)，中心(1172.53,1438.73)，角度 = -2.16
2019-10-30 14:03:59.782: DrawBox Done
2019-10-30 14:03:59.820: 发送消息  -0.29,-0.73,0.03
2019-10-30 14:03:59.822: 定位完成
2019-10-30 14:03:59.825: 接受到消息  102102102
2019-10-30 14:03:59.827: 定位异常
2019-10-30 14:03:59.827: 发送消息  NG.29,-0.73,0.03
2019-10-30 14:09:58.536: 客户端断开
2019-10-30 14:09:58.588: 关闭监听
2019-10-30 14:09:58.629: 关闭相机
2019-10-30 14:09:58.630: -----结束程序-----OnCancel

2019-10-30 14:10:11.002: -----程序开始-----__init__
2019-10-30 14:10:11.003: 开始监听
2019-10-30 14:10:11.607: 打开相机成功
2019-10-30 14:10:16.391: 关闭监听
2019-10-30 14:10:16.435: 关闭相机
2019-10-30 14:10:16.436: -----结束程序-----OnCancel

