2019-10-30 10:53:49.270: -----程序开始-----__init__
2019-10-30 10:53:49.273: 开始监听
2019-10-30 10:53:50.179: 打开相机成功
2019-10-30 10:54:00.072: 获取图像成功(2590 * 1942)
2019-10-30 10:54:00.241: 轮廓个数不符合：0
2019-10-30 10:54:00.333: 标定异常
2019-10-30 10:54:03.780: 关闭监听
2019-10-30 10:54:04.045: 关闭相机
2019-10-30 10:54:04.046: -----结束程序-----OnCancel

2019-10-30 10:56:05.315: -----程序开始-----__init__
2019-10-30 10:56:05.320: 开始监听
2019-10-30 10:56:06.175: 打开相机成功
2019-10-30 10:56:21.436: 获取图像成功(2590 * 1942)
2019-10-30 10:56:21.598: 轮廓个数不符合：0
2019-10-30 10:56:21.729: 标定异常
2019-10-30 10:56:25.040: 关闭监听
2019-10-30 10:56:25.318: 关闭相机
2019-10-30 10:56:25.319: -----结束程序-----OnCancel

2019-10-30 10:57:20.465: -----程序开始-----__init__
2019-10-30 10:57:20.467: 开始监听
2019-10-30 10:57:21.377: 打开相机成功
2019-10-30 10:57:23.883: 获取图像成功(2590 * 1942)
2019-10-30 10:57:24.036: 239312.00的面积可以
2019-10-30 10:57:24.037: 长宽差 = 584.61
2019-10-30 10:57:24.037: 旋转矩形大小(898.29,313.68)，中心(1168.28,1461.67)，角度 = -2.24
2019-10-30 10:57:24.038: DrawBox Done
2019-10-30 10:57:24.153: 标定完成
2019-10-30 10:57:28.724: 关闭监听
2019-10-30 10:57:28.983: 关闭相机
2019-10-30 10:57:28.984: -----结束程序-----OnCancel

2019-10-30 10:59:18.449: -----程序开始-----__init__
2019-10-30 10:59:18.452: 开始监听
2019-10-30 10:59:19.289: 打开相机成功
2019-10-30 10:59:22.428: 获取图像成功(2590 * 1942)
2019-10-30 10:59:22.572: 250091.50的面积可以
2019-10-30 10:59:22.573: 长宽差 = 589.23
2019-10-30 10:59:22.573: 旋转矩形大小(916.43,327.19)，中心(1168.40,1470.71)，角度 = -2.15
2019-10-30 10:59:22.574: DrawBox Done
2019-10-30 10:59:22.703: 标定完成
2019-10-30 10:59:25.294: 关闭监听
2019-10-30 10:59:25.557: 关闭相机
2019-10-30 10:59:25.558: -----结束程序-----OnCancel

2019-10-30 11:01:24.578: -----程序开始-----__init__
2019-10-30 11:01:24.579: 开始监听
2019-10-30 11:01:25.180: 打开相机成功
2019-10-30 11:01:27.812: 获取图像成功(2590 * 1942)
2019-10-30 11:01:27.959: 249925.00的面积可以
2019-10-30 11:01:27.960: 长宽差 = 591.34
2019-10-30 11:01:27.960: 旋转矩形大小(917.16,325.82)，中心(1170.01,1469.32)，角度 = -2.11
2019-10-30 11:01:27.960: DrawBox Done
2019-10-30 11:01:27.999: 标定完成
2019-10-30 11:15:14.526: 关闭监听
2019-10-30 11:15:14.570: 关闭相机
2019-10-30 11:15:14.571: -----结束程序-----OnCancel

2019-10-30 11:15:30.177: -----程序开始-----__init__
2019-10-30 11:15:30.178: 开始监听
2019-10-30 11:15:30.764: 打开相机成功
2019-10-30 13:19:12.133: 关闭监听
2019-10-30 13:19:12.181: 关闭相机
2019-10-30 13:19:12.182: -----结束程序-----OnCancel

2019-10-30 13:20:20.047: -----程序开始-----__init__
2019-10-30 13:20:20.048: 开始监听
2019-10-30 13:20:20.641: 打开相机成功
2019-10-30 13:21:52.023: 获取图像成功(2590 * 1942)
2019-10-30 13:21:52.140: 250332.50的面积可以
2019-10-30 13:21:52.140: 长宽差 = 590.06
2019-10-30 13:21:52.140: 旋转矩形大小(917.21,327.16)，中心(1173.38,1464.73)，角度 = -2.15
2019-10-30 13:21:52.141: DrawBox Done
2019-10-30 13:21:52.178: 标定完成
2019-10-30 13:24:14.928: 关闭监听
2019-10-30 13:24:14.976: 关闭相机
2019-10-30 13:24:14.977: -----结束程序-----OnCancel

2019-10-30 13:24:53.826: -----程序开始-----__init__
2019-10-30 13:24:53.828: 开始监听
2019-10-30 13:24:54.827: 打开相机成功
2019-10-30 13:24:57.964: 获取图像成功(2590 * 1942)
2019-10-30 13:24:58.150: 轮廓个数不符合：0
2019-10-30 13:24:58.297: 标定异常
2019-10-30 13:25:00.344: 关闭监听
2019-10-30 13:25:00.596: 关闭相机
2019-10-30 13:25:00.597: -----结束程序-----OnCancel

2019-10-30 13:25:25.228: -----程序开始-----__init__
2019-10-30 13:25:25.229: 开始监听
2019-10-30 13:25:25.842: 打开相机成功
2019-10-30 13:25:28.696: 获取图像成功(2590 * 1942)
2019-10-30 13:25:28.834: 250251.50的面积可以
2019-10-30 13:25:28.834: 长宽差 = 590.42
2019-10-30 13:25:28.834: 旋转矩形大小(917.96,327.54)，中心(1181.56,1461.67)，角度 = -2.19
2019-10-30 13:25:28.835: DrawBox Done
2019-10-30 13:25:28.877: 标定完成
2019-10-30 13:28:38.132: 关闭监听
2019-10-30 13:28:38.176: 关闭相机
2019-10-30 13:28:38.177: -----结束程序-----OnCancel

2019-10-30 13:28:41.039: -----程序开始-----__init__
2019-10-30 13:28:41.042: 开始监听
2019-10-30 13:28:41.853: 打开相机成功
2019-10-30 13:28:43.582: 关闭监听
2019-10-30 13:28:43.838: 关闭相机
2019-10-30 13:28:43.839: -----结束程序-----OnCancel

2019-10-30 13:29:00.594: -----程序开始-----__init__
2019-10-30 13:29:00.595: 开始监听
2019-10-30 13:29:01.211: 打开相机成功
2019-10-30 13:35:37.727: 关闭监听
2019-10-30 13:35:37.775: 关闭相机
2019-10-30 13:35:37.776: -----结束程序-----OnCancel

2019-10-30 13:36:12.336: -----程序开始-----__init__
2019-10-30 13:36:12.337: 开始监听
2019-10-30 13:36:12.937: 打开相机成功
2019-10-30 13:47:33.238: -----程序开始-----__init__
2019-10-30 13:47:33.244: 开始监听
2019-10-30 13:47:33.771: 打开相机成功
2019-10-30 14:03:58.578: 客户端连上
2019-10-30 14:03:59.578: 接受到消息  102
2019-10-30 14:03:59.665: 获取图像成功(2590 * 1942)
2019-10-30 14:03:59.781: 249721.50的面积可以
2019-10-30 14:03:59.782: 长宽差 = 589.43
2019-10-30 14:03:59.782: 旋转矩形大小(916.72,327.30)，中心(1172.53,1438.73)，角度 = -2.16
2019-10-30 14:03:59.782: DrawBox Done
2019-10-30 14:03:59.820: 发送消息  -0.29,-0.73,0.03
2019-10-30 14:03:59.822: 定位完成
2019-10-30 14:03:59.825: 接受到消息  102102102
2019-10-30 14:03:59.827: 定位异常
2019-10-30 14:03:59.827: 发送消息  NG.29,-0.73,0.03
2019-10-30 14:09:58.536: 客户端断开
2019-10-30 14:09:58.588: 关闭监听
2019-10-30 14:09:58.629: 关闭相机
2019-10-30 14:09:58.630: -----结束程序-----OnCancel

2019-10-30 14:10:11.002: -----程序开始-----__init__
2019-10-30 14:10:11.003: 开始监听
2019-10-30 14:10:11.607: 打开相机成功
2019-10-30 14:10:16.391: 关闭监听
2019-10-30 14:10:16.435: 关闭相机
2019-10-30 14:10:16.436: -----结束程序-----OnCancel

2019-10-30 14:10:48.578: -----程序开始-----__init__
2019-10-30 14:10:48.579: 开始监听
2019-10-30 14:10:49.169: 打开相机成功
2019-10-30 14:30:40.862: 客户端连上
2019-10-30 14:30:41.863: 接受到消息  102
2019-10-30 14:30:41.951: 获取图像成功(2590 * 1942)
2019-10-30 14:30:42.065: 249705.00的面积可以
2019-10-30 14:30:42.065: 长宽差 = 591.34
2019-10-30 14:30:42.066: 旋转矩形大小(917.70,326.37)，中心(1195.04,1436.20)，角度 = -2.17
2019-10-30 14:30:42.066: DrawBox Done
2019-10-30 14:30:42.105: 发送消息  0.43,-0.81,0.02
2019-10-30 14:30:42.106: 定位完成
2019-10-30 14:31:23.464: 接受到消息  102
2019-10-30 14:31:23.541: 获取图像成功(2590 * 1942)
2019-10-30 14:31:23.665: 249748.50的面积可以
2019-10-30 14:31:23.666: 长宽差 = 591.04
2019-10-30 14:31:23.666: 旋转矩形大小(917.65,326.61)，中心(1197.01,1436.12)，角度 = -2.20
2019-10-30 14:31:23.666: DrawBox Done
2019-10-30 14:31:23.703: 发送消息  0.49,-0.82,-0.00
2019-10-30 14:31:23.705: 定位完成
2019-10-30 14:32:58.187: 接受到消息  102
2019-10-30 14:32:58.265: 获取图像成功(2590 * 1942)
2019-10-30 14:32:58.378: 249722.00的面积可以
2019-10-30 14:32:58.378: 长宽差 = 590.90
2019-10-30 14:32:58.378: 旋转矩形大小(917.74,326.85)，中心(1201.91,1434.10)，角度 = -2.22
2019-10-30 14:32:58.379: DrawBox Done
2019-10-30 14:32:58.415: 发送消息  0.65,-0.88,-0.03
2019-10-30 14:32:58.417: 定位完成
2019-10-30 14:34:11.127: 接受到消息  102
2019-10-30 14:34:11.204: 获取图像成功(2590 * 1942)
2019-10-30 14:34:11.330: 249714.50的面积可以
2019-10-30 14:34:11.331: 长宽差 = 599.54
2019-10-30 14:34:11.331: 旋转矩形大小(917.63,318.09)，中心(1197.90,1431.85)，角度 = -2.19
2019-10-30 14:34:11.331: DrawBox Done
2019-10-30 14:34:11.368: 发送消息  0.52,-0.95,0.00
2019-10-30 14:34:11.371: 定位完成
2019-10-30 14:34:59.618: 接受到消息  102
2019-10-30 14:34:59.699: 获取图像成功(2590 * 1942)
2019-10-30 14:34:59.835: 249497.50的面积可以
2019-10-30 14:34:59.836: 长宽差 = 598.56
2019-10-30 14:34:59.836: 旋转矩形大小(917.08,318.52)，中心(1201.10,1430.71)，角度 = -2.25
2019-10-30 14:34:59.836: DrawBox Done
2019-10-30 14:34:59.874: 发送消息  0.62,-0.99,-0.05
2019-10-30 14:34:59.876: 定位完成
2019-10-30 14:35:41.804: 接受到消息  102
2019-10-30 14:35:41.881: 获取图像成功(2590 * 1942)
2019-10-30 14:35:41.994: 249586.00的面积可以
2019-10-30 14:35:41.995: 长宽差 = 591.03
2019-10-30 14:35:41.995: 旋转矩形大小(917.36,326.33)，中心(1182.87,1436.21)，角度 = -2.16
2019-10-30 14:35:41.995: DrawBox Done
2019-10-30 14:35:42.038: 发送消息  0.04,-0.81,0.03
2019-10-30 14:35:42.042: 定位完成
2019-10-30 14:36:29.523: 接受到消息  102
2019-10-30 14:36:29.600: 获取图像成功(2590 * 1942)
2019-10-30 14:36:29.722: 249688.00的面积可以
2019-10-30 14:36:29.723: 长宽差 = 589.51
2019-10-30 14:36:29.723: 旋转矩形大小(916.75,327.23)，中心(1180.54,1437.70)，角度 = -2.17
2019-10-30 14:36:29.723: DrawBox Done
2019-10-30 14:36:29.760: 发送消息  -0.03,-0.77,0.03
2019-10-30 14:36:29.764: 定位完成
2019-10-30 14:40:41.465: 接受到消息  102
2019-10-30 14:40:41.544: 获取图像成功(2590 * 1942)
2019-10-30 14:40:41.693: 轮廓个数不符合：0
2019-10-30 14:40:41.702: 定位异常
2019-10-30 14:40:42.465: 接受到消息  102
2019-10-30 14:40:42.544: 获取图像成功(2590 * 1942)
2019-10-30 14:40:42.707: 轮廓个数不符合：0
2019-10-30 14:40:42.717: 定位异常
2019-10-30 14:40:42.717: 接受到消息  102
2019-10-30 14:40:42.795: 获取图像成功(2590 * 1942)
2019-10-30 14:40:42.954: 轮廓个数不符合：0
2019-10-30 14:40:42.963: 定位异常
2019-10-30 14:40:42.963: 接受到消息  102102
2019-10-30 14:40:42.963: 定位异常
2019-10-30 14:40:42.964: 发送消息  NG
2019-10-30 14:40:42.964: 接受到消息  102
2019-10-30 14:40:43.042: 获取图像成功(2590 * 1942)
2019-10-30 14:40:43.208: 轮廓个数不符合：0
2019-10-30 14:40:43.217: 定位异常
2019-10-30 14:42:47.808: 接受到消息  102
2019-10-30 14:42:47.886: 获取图像成功(2590 * 1942)
2019-10-30 14:42:47.998: 246745.50的面积可以
2019-10-30 14:42:47.999: 长宽差 = 613.22
2019-10-30 14:42:47.999: 旋转矩形大小(939.69,326.47)，中心(699.61,849.17)，角度 = -1.18
2019-10-30 14:42:47.999: DrawBox Done
2019-10-30 14:42:48.035: 发送消息  -15.41,-19.59,1.01
2019-10-30 14:42:48.038: 定位完成
2019-10-30 14:44:05.691: 接受到消息  102
2019-10-30 14:44:05.769: 获取图像成功(2590 * 1942)
2019-10-30 14:44:05.882: 251163.00的面积可以
2019-10-30 14:44:05.882: 长宽差 = 591.05
2019-10-30 14:44:05.882: 旋转矩形大小(917.88,326.84)，中心(1187.41,1483.19)，角度 = -1.36
2019-10-30 14:44:05.883: DrawBox Done
2019-10-30 14:44:05.919: 发送消息  0.19,0.69,0.83
2019-10-30 14:44:05.923: 定位完成
2019-10-30 14:45:09.829: 接受到消息  102
2019-10-30 14:45:09.906: 获取图像成功(2590 * 1942)
2019-10-30 14:45:10.028: 251081.50的面积可以
2019-10-30 14:45:10.029: 长宽差 = 591.09
2019-10-30 14:45:10.029: 旋转矩形大小(917.86,326.76)，中心(1186.42,1483.23)，角度 = -1.36
2019-10-30 14:45:10.029: DrawBox Done
2019-10-30 14:45:10.066: 发送消息  0.16,0.69,0.83
2019-10-30 14:45:10.070: 定位完成
2019-10-30 14:46:00.878: 接受到消息  102
2019-10-30 14:46:00.959: 获取图像成功(2590 * 1942)
2019-10-30 14:46:01.097: 251195.50的面积可以
2019-10-30 14:46:01.097: 长宽差 = 590.77
2019-10-30 14:46:01.097: 旋转矩形大小(918.05,327.28)，中心(1187.43,1483.82)，角度 = -1.32
2019-10-30 14:46:01.098: DrawBox Done
2019-10-30 14:46:01.134: 发送消息  0.19,0.71,0.87
2019-10-30 14:46:01.138: 定位完成
2019-10-30 14:46:49.130: 接受到消息  102
2019-10-30 14:46:49.207: 获取图像成功(2590 * 1942)
2019-10-30 14:46:49.321: 251178.00的面积可以
2019-10-30 14:46:49.321: 长宽差 = 591.48
2019-10-30 14:46:49.322: 旋转矩形大小(917.99,326.51)，中心(1191.43,1482.26)，角度 = -1.34
2019-10-30 14:46:49.322: DrawBox Done
2019-10-30 14:46:49.358: 发送消息  0.32,0.66,0.85
2019-10-30 14:46:49.363: 定位完成
2019-10-30 14:54:04.265: 接受到消息  102
2019-10-30 14:54:04.343: 获取图像成功(2590 * 1942)
2019-10-30 14:54:04.468: 251213.00的面积可以
2019-10-30 14:54:04.468: 长宽差 = 591.47
2019-10-30 14:54:04.468: 旋转矩形大小(918.25,326.78)，中心(1206.24,1480.21)，角度 = -1.37
2019-10-30 14:54:04.469: DrawBox Done
2019-10-30 14:54:04.505: 发送消息  0.79,0.59,0.82
2019-10-30 14:54:04.512: 定位完成
2019-10-30 15:24:03.133: -----程序开始-----__init__
2019-10-30 15:24:03.134: 开始监听
2019-10-30 15:24:03.717: 打开相机成功
2019-10-30 15:26:05.635: 获取图像成功(2590 * 1942)
2019-10-30 15:26:05.787: 轮廓个数不符合：0
2019-10-30 15:26:05.798: 标定异常
2019-10-30 15:26:27.298: 获取图像成功(2590 * 1942)
2019-10-30 15:26:27.440: 轮廓个数不符合：0
2019-10-30 15:26:27.450: 标定异常
2019-10-30 15:27:26.949: 获取图像成功(2590 * 1942)
2019-10-30 15:27:27.130: 轮廓个数不符合：0
2019-10-30 15:27:27.141: 标定异常
2019-10-30 15:27:46.307: 获取图像成功(2590 * 1942)
2019-10-30 15:27:46.449: 轮廓个数不符合：0
2019-10-30 15:27:46.460: 标定异常
2019-10-30 15:28:00.040: 关闭监听
2019-10-30 15:28:00.085: 关闭相机
2019-10-30 15:28:00.086: -----结束程序-----OnCancel

2019-10-30 15:28:52.433: -----程序开始-----__init__
2019-10-30 15:28:52.434: 开始监听
2019-10-30 15:28:52.990: 打开相机成功
2019-10-30 15:28:54.008: 获取图像成功(2590 * 1942)
2019-10-30 15:28:54.188: 轮廓个数不符合：0
2019-10-30 15:28:54.205: 标定异常
2019-10-30 15:29:20.456: 关闭监听
2019-10-30 15:29:20.494: 关闭相机
2019-10-30 15:29:20.495: -----结束程序-----OnCancel

2019-10-30 15:33:12.076: -----程序开始-----__init__
2019-10-30 15:33:12.079: 开始监听
2019-10-30 15:33:12.975: 打开相机成功
2019-10-30 15:33:13.836: 获取图像成功(2590 * 1942)
2019-10-30 15:33:14.006: 轮廓个数不符合：0
2019-10-30 15:33:14.125: 标定异常
2019-10-30 15:33:19.333: 关闭监听
2019-10-30 15:33:19.596: 关闭相机
2019-10-30 15:33:19.597: -----结束程序-----OnCancel

2019-10-30 15:33:51.929: -----程序开始-----__init__
2019-10-30 15:33:51.932: 开始监听
2019-10-30 15:33:52.834: 打开相机成功
2019-10-30 15:33:53.448: 获取图像成功(2590 * 1942)
2019-10-30 15:33:53.636: 轮廓个数不符合：0
2019-10-30 15:33:53.760: 标定异常
2019-10-30 15:33:55.882: 关闭监听
2019-10-30 15:33:56.140: 关闭相机
2019-10-30 15:33:56.141: -----结束程序-----OnCancel

2019-10-30 15:34:53.720: -----程序开始-----__init__
2019-10-30 15:34:53.722: 开始监听
2019-10-30 15:34:54.559: 打开相机成功
2019-10-30 15:34:55.309: 获取图像成功(2590 * 1942)
2019-10-30 15:34:55.488: 轮廓个数不符合：0
2019-10-30 15:34:55.611: 标定异常
2019-10-30 15:34:58.788: 关闭监听
2019-10-30 15:34:59.040: 关闭相机
2019-10-30 15:34:59.041: -----结束程序-----OnCancel

2019-10-30 15:35:21.142: -----程序开始-----__init__
2019-10-30 15:35:21.145: 开始监听
2019-10-30 15:35:22.025: 打开相机成功
2019-10-30 15:35:22.677: 获取图像成功(2590 * 1942)
2019-10-30 15:35:22.865: 轮廓个数不符合：0
2019-10-30 15:35:22.987: 标定异常
2019-10-30 15:35:24.490: 关闭监听
2019-10-30 15:35:24.760: 关闭相机
2019-10-30 15:35:24.761: -----结束程序-----OnCancel

2019-10-30 15:35:38.921: -----程序开始-----__init__
2019-10-30 15:35:38.924: 开始监听
2019-10-30 15:35:39.810: 打开相机成功
2019-10-30 15:35:40.246: 获取图像成功(2590 * 1942)
2019-10-30 15:35:40.426: 轮廓个数不符合：0
2019-10-30 15:35:40.544: 标定异常
2019-10-30 15:35:41.882: 关闭监听
2019-10-30 15:35:42.138: 关闭相机
2019-10-30 15:35:42.139: -----结束程序-----OnCancel

2019-10-30 15:35:55.936: -----程序开始-----__init__
2019-10-30 15:35:55.939: 开始监听
2019-10-30 15:35:56.816: 打开相机成功
2019-10-30 15:36:01.963: 获取图像成功(2590 * 1942)
2019-10-30 15:36:02.128: 轮廓个数不符合：0
2019-10-30 15:36:02.248: 标定异常
2019-10-30 15:36:18.505: 关闭监听
2019-10-30 15:36:18.759: 关闭相机
2019-10-30 15:36:18.760: -----结束程序-----OnCancel

2019-10-30 15:37:29.695: -----程序开始-----__init__
2019-10-30 15:37:29.698: 开始监听
2019-10-30 15:37:30.556: 打开相机成功
2019-10-30 15:37:32.467: 获取图像成功(2590 * 1942)
2019-10-30 15:37:32.659: 轮廓个数不符合：0
2019-10-30 15:37:32.797: 标定异常
2019-10-30 15:37:35.081: 关闭监听
2019-10-30 15:37:35.349: 关闭相机
2019-10-30 15:37:35.350: -----结束程序-----OnCancel

2019-10-30 15:37:55.529: -----程序开始-----__init__
2019-10-30 15:37:55.532: 开始监听
2019-10-30 15:37:56.422: 打开相机成功
2019-10-30 15:37:57.032: 获取图像成功(2590 * 1942)
2019-10-30 15:37:57.216: 轮廓个数不符合：0
2019-10-30 15:37:57.336: 标定异常
2019-10-30 15:38:11.115: 关闭监听
2019-10-30 15:38:11.384: 关闭相机
2019-10-30 15:38:11.385: -----结束程序-----OnCancel

2019-10-30 15:38:27.710: -----程序开始-----__init__
2019-10-30 15:38:27.713: 开始监听
2019-10-30 15:38:28.706: 打开相机成功
2019-10-30 15:38:29.303: 获取图像成功(2590 * 1942)
2019-10-30 15:38:29.483: 轮廓个数不符合：0
2019-10-30 15:38:29.710: 标定异常
2019-10-30 15:38:33.855: 关闭监听
2019-10-30 15:38:34.114: 关闭相机
2019-10-30 15:38:34.115: -----结束程序-----OnCancel

2019-10-30 15:39:55.625: -----程序开始-----__init__
2019-10-30 15:39:55.628: 开始监听
2019-10-30 15:39:56.526: 打开相机成功
2019-10-30 15:40:08.324: 获取图像成功(2590 * 1942)
2019-10-30 15:44:55.131: -----程序开始-----__init__
2019-10-30 15:44:55.137: 开始监听
2019-10-30 15:44:56.002: 打开相机成功
2019-10-30 15:44:56.579: 获取图像成功(2590 * 1942)
2019-10-30 15:45:35.542: 轮廓个数不符合：0
2019-10-30 15:45:35.678: 标定异常
2019-10-30 15:45:39.367: 关闭监听
2019-10-30 15:45:39.646: 关闭相机
2019-10-30 15:45:39.647: -----结束程序-----OnCancel

2019-10-30 15:46:06.696: -----程序开始-----__init__
2019-10-30 15:46:06.701: 开始监听
2019-10-30 15:46:07.567: 打开相机成功
2019-10-30 15:46:08.076: 获取图像成功(2590 * 1942)
2019-10-30 15:46:08.236: 260201.00的面积可以
2019-10-30 15:46:08.238: 长宽差 = 633.23
2019-10-30 15:46:08.238: 旋转矩形大小(337.75,970.98)，中心(1216.02,1509.59)，角度 = -89.14
2019-10-30 15:46:08.239: DrawBox Done
2019-10-30 15:46:08.391: 标定完成
2019-10-30 15:46:17.298: 关闭监听
2019-10-30 15:46:17.560: 关闭相机
2019-10-30 15:46:17.561: -----结束程序-----OnCancel

2019-10-30 15:46:32.524: -----程序开始-----__init__
2019-10-30 15:46:32.528: 开始监听
2019-10-30 15:46:33.443: 打开相机成功
2019-10-30 15:46:33.954: 获取图像成功(2590 * 1942)
2019-10-30 15:46:34.098: 259966.50的面积可以
2019-10-30 15:46:34.099: 长宽差 = 635.21
2019-10-30 15:46:34.099: 旋转矩形大小(336.75,971.97)，中心(1213.54,1507.08)，角度 = -89.14
2019-10-30 15:46:34.100: DrawBox Done
2019-10-30 15:46:34.259: 标定完成
2019-10-30 15:46:37.351: 关闭监听
2019-10-30 15:46:37.611: 关闭相机
2019-10-30 15:46:37.611: -----结束程序-----OnCancel

2019-10-30 15:46:52.252: -----程序开始-----__init__
2019-10-30 15:46:52.255: 开始监听
2019-10-30 15:46:53.136: 打开相机成功
2019-10-30 15:46:53.705: 获取图像成功(2590 * 1942)
2019-10-30 15:46:53.847: 260187.00的面积可以
2019-10-30 15:46:53.848: 长宽差 = 630.59
2019-10-30 15:46:53.848: 旋转矩形大小(338.78,969.37)，中心(1213.33,1503.48)，角度 = -89.36
2019-10-30 15:46:53.849: DrawBox Done
2019-10-30 15:46:53.985: 标定完成
2019-10-30 15:47:10.135: 关闭监听
2019-10-30 15:47:10.391: 关闭相机
2019-10-30 15:47:10.392: -----结束程序-----OnCancel

2019-10-30 15:57:23.963: -----程序开始-----__init__
2019-10-30 15:57:23.964: 开始监听
2019-10-30 15:57:24.547: 打开相机成功
2019-10-30 15:57:25.852: 获取图像成功(2590 * 1942)
2019-10-30 15:57:25.988: 244874.00的面积可以
2019-10-30 15:57:25.989: 长宽差 = 609.66
2019-10-30 15:57:25.989: 旋转矩形大小(311.14,920.81)，中心(1176.16,1176.18)，角度 = -89.33
2019-10-30 15:57:25.989: DrawBox Done
2019-10-30 15:57:26.028: 标定完成
2019-10-30 15:57:38.666: 关闭监听
2019-10-30 15:57:38.710: 关闭相机
2019-10-30 15:57:38.711: -----结束程序-----OnCancel

2019-10-30 16:07:31.800: -----程序开始-----__init__
2019-10-30 16:07:31.802: 开始监听
2019-10-30 16:07:32.316: 打开相机成功
2019-10-30 16:07:45.429: 客户端连上
2019-10-30 16:07:53.627: 接受到消息  101
2019-10-30 16:07:53.708: 获取图像成功(2590 * 1942)
2019-10-30 16:07:53.828: 207843.00的面积可以
2019-10-30 16:07:53.833: 长宽差 = 592.79
2019-10-30 16:07:53.833: 旋转矩形大小(288.65,881.43)，中心(1150.00,1106.05)，角度 = -89.01
2019-10-30 16:07:53.839: DrawBox Done
2019-10-30 16:07:53.878: 发送消息  -0.84,-2.24,0.32
2019-10-30 16:07:53.881: 定位完成
2019-10-30 16:08:25.991: 客户端断开
2019-10-30 16:08:26.043: 关闭监听
2019-10-30 16:08:26.084: 关闭相机
2019-10-30 16:08:26.086: -----结束程序-----OnCancel

2019-10-30 16:08:31.198: -----程序开始-----__init__
2019-10-30 16:08:31.199: 开始监听
2019-10-30 16:08:31.783: 打开相机成功
2019-10-30 16:08:32.396: 关闭监听
2019-10-30 16:08:32.437: 关闭相机
2019-10-30 16:08:32.438: -----结束程序-----OnCancel

2019-10-30 16:11:13.973: -----程序开始-----__init__
2019-10-30 16:11:13.977: 开始监听
2019-10-30 16:11:14.553: 打开相机成功
2019-10-30 16:11:16.565: 获取图像成功(2590 * 1942)
2019-10-30 16:11:16.707: 249717.50的面积可以
2019-10-30 16:11:16.708: 长宽差 = 655.39
2019-10-30 16:11:16.708: 旋转矩形大小(324.63,980.02)，中心(1220.60,1180.54)，角度 = -89.15
2019-10-30 16:11:16.708: DrawBox Done
2019-10-30 16:11:16.751: 标定完成
2019-10-30 16:11:32.393: 关闭监听
2019-10-30 16:11:32.436: 关闭相机
2019-10-30 16:11:32.436: -----结束程序-----OnCancel

2019-10-30 16:11:46.198: -----程序开始-----__init__
2019-10-30 16:11:46.199: 开始监听
2019-10-30 16:11:46.773: 打开相机成功
2019-10-30 16:11:47.531: 获取图像成功(2590 * 1942)
2019-10-30 16:11:47.661: 251704.50的面积可以
2019-10-30 16:11:47.661: 长宽差 = 658.30
2019-10-30 16:11:47.661: 旋转矩形大小(327.18,985.48)，中心(1214.92,1182.37)，角度 = -89.09
2019-10-30 16:11:47.662: DrawBox Done
2019-10-30 16:11:47.701: 标定完成
2019-10-30 16:12:35.588: 关闭监听
2019-10-30 16:12:35.626: 关闭相机
2019-10-30 16:12:35.627: -----结束程序-----OnCancel

2019-10-30 16:16:33.120: -----程序开始-----__init__
2019-10-30 16:16:33.125: 开始监听
2019-10-30 16:16:33.651: 打开相机成功
2019-10-30 16:16:34.576: 获取图像成功(2590 * 1942)
2019-10-30 16:16:34.714: 253921.00的面积可以
2019-10-30 16:16:34.717: 长宽差 = 618.24
2019-10-30 16:16:34.717: 旋转矩形大小(336.75,954.99)，中心(1195.03,1126.37)，角度 = -89.16
2019-10-30 16:16:34.721: DrawBox Done
2019-10-30 16:16:34.766: 标定完成
2019-10-30 16:16:49.506: 获取图像成功(2590 * 1942)
2019-10-30 16:16:49.616: 253995.50的面积可以
2019-10-30 16:16:49.616: 长宽差 = 617.28
2019-10-30 16:16:49.617: 旋转矩形大小(336.74,954.02)，中心(1195.51,1126.37)，角度 = -89.16
2019-10-30 16:16:49.617: DrawBox Done
2019-10-30 16:16:49.654: 标定完成
2019-10-30 16:16:50.319: 获取图像成功(2590 * 1942)
2019-10-30 16:16:50.430: 253940.00的面积可以
2019-10-30 16:16:50.430: 长宽差 = 622.13
2019-10-30 16:16:50.431: 旋转矩形大小(335.84,957.97)，中心(1198.52,1126.70)，角度 = -89.19
2019-10-30 16:16:50.431: DrawBox Done
2019-10-30 16:16:50.469: 标定完成
2019-10-30 16:16:51.313: 获取图像成功(2590 * 1942)
2019-10-30 16:16:51.424: 254048.50的面积可以
2019-10-30 16:16:51.425: 长宽差 = 619.11
2019-10-30 16:16:51.425: 旋转矩形大小(336.80,955.91)，中心(1195.50,1125.19)，角度 = -89.20
2019-10-30 16:16:51.425: DrawBox Done
2019-10-30 16:16:51.462: 标定完成
2019-10-30 16:16:53.640: 关闭监听
2019-10-30 16:16:53.662: 关闭相机
2019-10-30 16:16:53.663: -----结束程序-----OnCancel

2019-10-30 16:17:29.264: -----程序开始-----__init__
2019-10-30 16:17:29.265: 开始监听
2019-10-30 16:17:29.780: 打开相机成功
2019-10-30 16:22:35.051: 关闭监听
2019-10-30 16:22:35.095: 关闭相机
2019-10-30 16:22:35.096: -----结束程序-----OnCancel

2019-10-30 16:22:53.813: -----程序开始-----__init__
2019-10-30 16:22:53.815: 开始监听
2019-10-30 16:22:54.413: 打开相机成功
2019-10-30 16:36:48.535: 客户端连上
2019-10-30 16:36:49.535: 接受到消息  101
2019-10-30 16:36:49.621: 获取图像成功(2590 * 1942)
2019-10-30 16:36:49.737: 253998.00的面积可以
2019-10-30 16:36:49.737: 长宽差 = 587.52
2019-10-30 16:36:49.737: 旋转矩形大小(336.56,924.08)，中心(1110.41,1135.28)，角度 = -88.97
2019-10-30 16:36:49.738: DrawBox Done
2019-10-30 16:36:49.774: 发送消息  -2.72,0.32,0.22
2019-10-30 16:36:49.776: 定位完成
2019-10-30 16:37:42.154: 接受到消息  101
2019-10-30 16:37:42.231: 获取图像成功(2590 * 1942)
2019-10-30 16:37:42.352: 244733.50的面积可以
2019-10-30 16:37:42.352: 长宽差 = 611.21
2019-10-30 16:37:42.352: 旋转矩形大小(310.87,922.09)，中心(1122.66,1134.44)，角度 = -88.97
2019-10-30 16:37:42.353: DrawBox Done
2019-10-30 16:37:42.389: 发送消息  -2.33,0.30,0.22
2019-10-30 16:37:42.390: 定位完成
2019-10-30 16:39:03.743: 接受到消息  101
2019-10-30 16:39:03.822: 获取图像成功(2590 * 1942)
2019-10-30 16:39:03.947: 255207.00的面积可以
2019-10-30 16:39:03.948: 长宽差 = 585.72
2019-10-30 16:39:03.948: 旋转矩形大小(336.38,922.10)，中心(1124.38,1157.67)，角度 = -88.91
2019-10-30 16:39:03.948: DrawBox Done
2019-10-30 16:39:03.987: 发送消息  -2.27,1.04,0.29
2019-10-30 16:39:03.989: 定位完成
2019-10-30 16:39:43.361: 获取图像成功(2590 * 1942)
2019-10-30 16:39:43.485: 244484.50的面积可以
2019-10-30 16:39:43.486: 长宽差 = 609.73
2019-10-30 16:39:43.486: 旋转矩形大小(310.91,920.64)，中心(1126.38,1141.33)，角度 = -88.99
2019-10-30 16:39:43.486: DrawBox Done
2019-10-30 16:39:43.524: 标定完成
2019-10-30 16:40:18.789: 接受到消息  101
2019-10-30 16:40:18.869: 获取图像成功(2590 * 1942)
2019-10-30 16:40:19.007: 252100.00的面积可以
2019-10-30 16:40:19.007: 长宽差 = 585.60
2019-10-30 16:40:19.007: 旋转矩形大小(336.43,922.02)，中心(1124.34,1159.65)，角度 = -88.91
2019-10-30 16:40:19.008: DrawBox Done
2019-10-30 16:40:19.046: 发送消息  -0.07,0.59,0.08
2019-10-30 16:40:19.049: 定位完成
2019-10-30 16:40:50.380: 接受到消息  101
2019-10-30 16:40:50.458: 获取图像成功(2590 * 1942)
2019-10-30 16:40:50.584: 244197.50的面积可以
2019-10-30 16:40:50.585: 长宽差 = 609.18
2019-10-30 16:40:50.585: 旋转矩形大小(311.59,920.77)，中心(1125.30,1148.32)，角度 = -88.90
2019-10-30 16:40:50.585: DrawBox Done
2019-10-30 16:40:50.620: 发送消息  -0.03,0.22,0.09
2019-10-30 16:40:50.623: 定位完成
2019-10-30 16:42:16.929: 客户端连上
2019-10-30 16:42:18.091: 接受到消息  101
2019-10-30 16:42:18.168: 获取图像成功(2590 * 1942)
2019-10-30 16:42:18.289: 254607.50的面积可以
2019-10-30 16:42:18.289: 长宽差 = 584.53
2019-10-30 16:42:18.290: 旋转矩形大小(337.50,922.03)，中心(1127.38,1158.93)，角度 = -88.95
2019-10-30 16:42:18.290: DrawBox Done
2019-10-30 16:42:18.326: 发送消息  0.03,0.56,0.04
2019-10-30 16:42:18.327: 定位完成
2019-10-30 16:42:27.279: 客户端断开2019-10-30 16:42:27.279: 客户端断开

2019-10-30 16:42:27.331: 关闭监听
2019-10-30 16:42:27.378: 关闭相机
2019-10-30 16:42:27.378: -----结束程序-----OnCancel

2019-10-30 16:57:21.209: -----程序开始-----__init__
2019-10-30 16:57:21.211: 开始监听
2019-10-30 16:57:21.812: 打开相机成功
2019-10-30 16:59:47.916: 关闭监听
2019-10-30 16:59:47.958: 关闭相机
2019-10-30 16:59:47.959: -----结束程序-----OnCancel

2019-10-30 17:02:18.518: -----程序开始-----__init__
2019-10-30 17:02:18.523: 开始监听
2019-10-30 17:02:19.070: 打开相机成功
2019-10-30 17:02:23.829: 获取图像成功(2590 * 1942)
2019-10-30 17:02:23.974: 261017.50的面积可以
2019-10-30 17:02:23.976: 长宽差 = 615.98
2019-10-30 17:02:23.977: 旋转矩形大小(954.09,338.11)，中心(1036.91,1166.19)，角度 = -1.98
2019-10-30 17:02:23.980: DrawBox Done
2019-10-30 17:02:24.027: 标定完成
2019-10-30 17:03:10.471: 获取图像成功(2590 * 1942)
2019-10-30 17:03:10.585: 251937.50的面积可以
2019-10-30 17:03:10.586: 长宽差 = 610.31
2019-10-30 17:03:10.586: 旋转矩形大小(939.10,328.79)，中心(1047.48,1145.63)，角度 = -1.49
2019-10-30 17:03:10.586: DrawBox Done
2019-10-30 17:03:10.623: 标定完成
2019-10-30 17:03:22.130: 获取图像成功(2590 * 1942)
2019-10-30 17:03:22.246: 251738.50的面积可以
2019-10-30 17:03:22.246: 长宽差 = 621.76
2019-10-30 17:03:22.247: 旋转矩形大小(938.73,316.97)，中心(1046.16,1137.01)，角度 = -1.51
2019-10-30 17:03:22.247: DrawBox Done
2019-10-30 17:03:22.285: 标定完成
2019-10-30 18:04:11.915: 客户端连上
2019-10-30 18:04:12.915: 接受到消息  104
2019-10-30 18:04:12.993: 获取图像成功(2590 * 1942)
2019-10-30 18:04:13.106: 259626.50的面积可以
2019-10-30 18:04:13.107: 长宽差 = 630.26
2019-10-30 18:04:13.107: 旋转矩形大小(957.83,327.56)，中心(914.67,1170.80)，角度 = -1.18
2019-10-30 18:04:13.107: DrawBox Done
2019-10-30 18:04:13.144: 发送消息  -4.20,1.08,0.33
2019-10-30 18:04:13.146: 定位完成
2019-10-30 18:04:13.147: 接受到消息  104104104
2019-10-30 18:04:13.149: 定位异常
2019-10-30 18:04:13.149: 发送消息  NG
2019-10-30 18:07:22.615: 接受到消息  102
2019-10-30 18:07:22.697: 获取图像成功(2590 * 1942)
2019-10-30 18:07:22.836: 258203.50的面积可以
2019-10-30 18:07:22.837: 长宽差 = 631.78
2019-10-30 18:07:22.837: 旋转矩形大小(956.81,325.03)，中心(940.93,1177.75)，角度 = -1.28
2019-10-30 18:07:22.837: DrawBox Done
2019-10-30 18:07:22.879: 发送消息  -7.70,-9.08,0.91
2019-10-30 18:07:22.885: 定位完成
2019-10-30 18:08:24.742: 客户端断开
2019-10-30 18:08:24.794: 关闭监听
2019-10-30 18:08:24.839: 关闭相机
2019-10-30 18:08:24.840: -----结束程序-----OnCancel

2019-10-30 18:10:16.547: -----程序开始-----__init__
2019-10-30 18:10:16.547: 开始监听
2019-10-30 18:10:17.116: 打开相机成功
2019-10-30 18:13:53.072: 客户端连上
2019-10-30 18:13:54.074: 接受到消息  104
2019-10-30 18:13:54.162: 获取图像成功(2590 * 1942)
2019-10-30 18:13:54.283: 258070.50的面积可以
2019-10-30 18:13:54.284: 长宽差 = 631.91
2019-10-30 18:13:54.284: 旋转矩形大小(956.79,324.87)，中心(944.95,1176.69)，角度 = -1.27
2019-10-30 18:13:54.284: DrawBox Done
2019-10-30 18:13:54.324: 发送消息  -3.24,1.27,0.24
2019-10-30 18:13:54.325: 定位完成
2019-10-30 18:13:54.329: 接受到消息  104104104
2019-10-30 18:13:54.331: 定位异常
2019-10-30 18:13:54.331: 发送消息  NG
2019-10-30 18:17:43.028: 接受到消息  104
2019-10-30 18:17:43.107: 获取图像成功(2590 * 1942)
2019-10-30 18:17:43.232: 257754.50的面积可以
2019-10-30 18:17:43.233: 长宽差 = 631.69
2019-10-30 18:17:43.233: 旋转矩形大小(956.81,325.12)，中心(961.01,1176.36)，角度 = -1.23
2019-10-30 18:17:43.233: DrawBox Done
2019-10-30 18:17:43.271: 发送消息  -2.72,1.26,0.28
2019-10-30 18:17:43.273: 定位完成
2019-10-30 18:17:43.274: 接受到消息  104104104
2019-10-30 18:17:43.274: 定位异常
2019-10-30 18:17:43.275: 发送消息  NG
2019-10-30 18:18:26.434: 接受到消息  104
2019-10-30 18:18:26.512: 获取图像成功(2590 * 1942)
2019-10-30 18:18:26.625: 258162.50的面积可以
2019-10-30 18:18:26.626: 长宽差 = 632.19
2019-10-30 18:18:26.626: 旋转矩形大小(956.84,324.65)，中心(959.92,1171.45)，角度 = -1.29
2019-10-30 18:18:26.626: DrawBox Done
2019-10-30 18:18:26.665: 发送消息  -2.76,1.10,0.22
2019-10-30 18:18:26.667: 定位完成
2019-10-30 18:18:26.668: 接受到消息  104104104
2019-10-30 18:18:26.668: 定位异常
2019-10-30 18:18:26.668: 发送消息  NG
2019-10-30 18:19:12.852: 接受到消息  104
2019-10-30 18:19:12.930: 获取图像成功(2590 * 1942)
2019-10-30 18:19:13.042: 254303.50的面积可以
2019-10-30 18:19:13.043: 长宽差 = 619.90
2019-10-30 18:19:13.043: 旋转矩形大小(940.45,320.55)，中心(967.23,1167.74)，角度 = -1.66
2019-10-30 18:19:13.043: DrawBox Done
2019-10-30 18:19:13.081: 发送消息  -2.52,0.98,-0.16
2019-10-30 18:19:13.084: 定位完成
2019-10-30 18:19:13.084: 接受到消息  104104104
2019-10-30 18:19:13.085: 定位异常
2019-10-30 18:19:13.085: 发送消息  NG
2019-10-30 18:20:10.092: 接受到消息  104
2019-10-30 18:20:10.169: 获取图像成功(2590 * 1942)
2019-10-30 18:20:10.282: 254408.50的面积可以
2019-10-30 18:20:10.282: 长宽差 = 620.49
2019-10-30 18:20:10.282: 旋转矩形大小(941.10,320.60)，中心(963.57,1168.71)，角度 = -1.67
2019-10-30 18:20:10.283: DrawBox Done
2019-10-30 18:20:10.321: 发送消息  -2.64,1.01,-0.16
2019-10-30 18:20:10.324: 定位完成
2019-10-30 18:20:10.324: 接受到消息  104104104
2019-10-30 18:20:10.325: 定位异常
2019-10-30 18:20:10.325: 发送消息  NG
2019-10-30 18:21:19.189: 接受到消息  104
2019-10-30 18:21:19.266: 获取图像成功(2590 * 1942)
2019-10-30 18:21:19.387: 254349.00的面积可以
2019-10-30 18:21:19.387: 长宽差 = 620.14
2019-10-30 18:21:19.387: 旋转矩形大小(940.13,319.98)，中心(966.06,1167.01)，角度 = -1.67
2019-10-30 18:21:19.388: DrawBox Done
2019-10-30 18:21:19.424: 发送消息  -2.56,0.96,-0.16
2019-10-30 18:21:19.426: 定位完成
2019-10-30 18:21:19.427: 接受到消息  104104104
2019-10-30 18:21:19.427: 定位异常
2019-10-30 18:21:19.427: 发送消息  NG
2019-10-30 18:22:14.238: 接受到消息  104
2019-10-30 18:22:14.316: 获取图像成功(2590 * 1942)
2019-10-30 18:22:14.436: 257762.50的面积可以
2019-10-30 18:22:14.437: 长宽差 = 630.71
2019-10-30 18:22:14.437: 旋转矩形大小(957.28,326.57)，中心(962.18,1174.40)，角度 = -1.29
2019-10-30 18:22:14.437: DrawBox Done
2019-10-30 18:22:14.473: 发送消息  -2.69,1.20,0.22
2019-10-30 18:22:14.476: 定位完成
2019-10-30 18:22:14.477: 接受到消息  104104104
2019-10-30 18:22:14.477: 定位异常
2019-10-30 18:22:14.477: 发送消息  NG
2019-10-30 18:25:02.546: 客户端断开
2019-10-30 18:25:02.598: 关闭监听
2019-10-30 18:25:02.642: 关闭相机
2019-10-30 18:25:02.642: -----结束程序-----OnCancel

2019-10-30 18:32:32.395: -----程序开始-----__init__
2019-10-30 18:32:32.400: 开始监听
2019-10-30 18:32:32.928: 打开相机成功
2019-10-30 18:32:40.676: 关闭监听
2019-10-30 18:32:40.697: 关闭相机
2019-10-30 18:32:40.697: -----结束程序-----OnCancel

2019-10-30 18:35:29.843: -----程序开始-----__init__
2019-10-30 18:35:29.845: 开始监听
2019-10-30 18:35:30.417: 打开相机成功
2019-10-30 18:35:32.732: 获取图像成功(2590 * 1942)
2019-10-30 18:35:32.900: 255569.50的面积可以
2019-10-30 18:35:32.903: 长宽差 = 622.86
2019-10-30 18:35:32.903: 旋转矩形大小(949.22,326.36)，中心(1228.08,1034.05)，角度 = -0.44
2019-10-30 18:35:32.906: DrawBox Done
2019-10-30 18:35:32.950: 标定完成
2019-10-30 18:35:36.233: 获取图像成功(2590 * 1942)
2019-10-30 18:35:36.376: 255548.50的面积可以
2019-10-30 18:35:36.377: 长宽差 = 621.04
2019-10-30 18:35:36.377: 旋转矩形大小(945.96,324.92)，中心(1226.49,1034.04)，角度 = -0.29
2019-10-30 18:35:36.377: DrawBox Done
2019-10-30 18:35:36.417: 标定完成
2019-10-30 19:06:49.040: 客户端连上
2019-10-30 19:06:50.040: 接受到消息  103
2019-10-30 19:06:50.118: 获取图像成功(2590 * 1942)
2019-10-30 19:06:50.235: 273596.50的面积可以
2019-10-30 19:06:50.235: 长宽差 = 619.81
2019-10-30 19:06:50.235: 旋转矩形大小(969.19,349.38)，中心(1248.95,1045.57)，角度 = -0.44
2019-10-30 19:06:50.236: DrawBox Done
2019-10-30 19:06:50.274: 发送消息  0.72,0.37,-0.15
2019-10-30 19:06:50.276: 定位完成
2019-10-30 19:07:46.599: 接受到消息  103
2019-10-30 19:07:46.677: 获取图像成功(2590 * 1942)
2019-10-30 19:07:46.804: 256051.50的面积可以
2019-10-30 19:07:46.805: 长宽差 = 628.75
2019-10-30 19:07:46.805: 旋转矩形大小(955.66,326.91)，中心(1248.47,1037.02)，角度 = -0.29
2019-10-30 19:07:46.805: DrawBox Done
2019-10-30 19:07:46.842: 发送消息  0.70,0.10,0.00
2019-10-30 19:07:46.844: 定位完成
2019-10-30 19:38:54.246: 接受到消息  103
2019-10-30 19:38:54.324: 获取图像成功(2590 * 1942)
2019-10-30 19:38:54.440: 275779.50的面积可以
2019-10-30 19:38:54.441: 长宽差 = 632.14
2019-10-30 19:38:54.441: 旋转矩形大小(981.31,349.17)，中心(1251.10,1048.71)，角度 = -0.38
2019-10-30 19:38:54.441: DrawBox Done
2019-10-30 19:38:54.479: 发送消息  0.79,0.47,-0.08
2019-10-30 19:38:54.481: 定位完成
2019-10-30 19:39:36.313: 接受到消息  103
2019-10-30 19:39:36.391: 获取图像成功(2590 * 1942)
2019-10-30 19:39:36.517: 256262.50的面积可以
2019-10-30 19:39:36.517: 长宽差 = 629.62
2019-10-30 19:39:36.518: 旋转矩形大小(955.99,326.37)，中心(1254.46,1035.02)，角度 = -0.44
2019-10-30 19:39:36.518: DrawBox Done
2019-10-30 19:39:36.557: 发送消息  0.89,0.03,-0.14
2019-10-30 19:39:36.559: 定位完成
2019-10-30 19:50:01.888: 客户端断开
2019-10-30 19:50:01.939: 关闭监听
2019-10-30 19:50:01.987: 关闭相机
2019-10-30 19:50:01.987: -----结束程序-----OnCancel

2019-11-16 18:00:03.230: -----程序开始-----__init__
2019-11-16 18:00:03.231: 开始监听
2019-11-16 18:00:03.814: 打开相机成功
2019-11-16 18:00:42.550: 关闭监听
2019-11-16 18:00:42.588: 关闭相机
2019-11-16 18:00:42.589: -----结束程序-----OnCancel

2019-11-16 18:01:24.467: -----程序开始-----__init__
2019-11-16 18:01:24.468: 开始监听
2019-11-16 18:01:25.056: 打开相机成功
2019-11-16 18:03:13.129: 客户端连上
2019-11-16 18:03:14.130: 接受到消息  103
2019-11-16 18:03:14.218: 获取图像成功(2590 * 1942)
2019-11-16 18:03:14.364: 轮廓个数不符合：0
2019-11-16 18:03:14.378: 定位异常
2019-11-16 18:03:15.130: 接受到消息  103
2019-11-16 18:03:15.209: 获取图像成功(2590 * 1942)
2019-11-16 18:03:15.383: 轮廓个数不符合：0
2019-11-16 18:03:15.394: 定位异常
2019-11-16 18:03:15.395: 接受到消息  103
2019-11-16 18:03:15.473: 获取图像成功(2590 * 1942)
2019-11-16 18:03:15.633: 轮廓个数不符合：0
2019-11-16 18:03:15.645: 定位异常
2019-11-16 18:03:15.645: 接受到消息  103103
2019-11-16 18:03:15.645: 定位异常
2019-11-16 18:03:15.646: 发送消息  NG
2019-11-16 18:03:15.646: 接受到消息  103103
2019-11-16 18:03:15.646: 定位异常
2019-11-16 18:03:15.646: 发送消息  NG
2019-11-16 18:03:52.144: 获取图像成功(2590 * 1942)
2019-11-16 18:03:52.287: 轮廓个数不符合：0
2019-11-16 18:03:52.298: 标定异常
2019-11-16 18:06:37.334: 客户端断开
2019-11-16 18:06:37.386: 关闭监听
2019-11-16 18:06:37.433: 关闭相机
2019-11-16 18:06:37.435: -----结束程序-----OnCancel

2019-11-16 18:18:18.042: -----程序开始-----__init__
2019-11-16 18:18:18.043: 开始监听
2019-11-16 18:18:18.653: 打开相机成功
2019-11-16 18:20:49.224: 关闭监听
2019-11-16 18:20:49.267: 关闭相机
2019-11-16 18:20:49.267: -----结束程序-----OnCancel

2019-11-16 18:20:53.179: -----程序开始-----__init__
2019-11-16 18:20:53.180: 开始监听
2019-11-16 18:20:53.767: 打开相机成功
2019-11-16 18:21:12.267: 关闭监听
2019-11-16 18:21:12.308: 关闭相机
2019-11-16 18:21:12.308: -----结束程序-----OnCancel

2019-11-16 18:21:16.929: -----程序开始-----__init__
2019-11-16 18:21:16.930: 开始监听
2019-11-16 18:21:17.530: 打开相机成功
2019-11-16 18:22:08.489: 客户端连上
2019-11-16 18:22:09.489: 接受到消息  103
2019-11-16 18:22:09.575: 获取图像成功(2590 * 1942)
2019-11-16 18:22:09.723: 轮廓个数不符合：0
2019-11-16 18:22:09.738: 定位异常
2019-11-16 18:22:10.489: 接受到消息  103
2019-11-16 18:22:10.567: 获取图像成功(2590 * 1942)
2019-11-16 18:22:10.731: 轮廓个数不符合：0
2019-11-16 18:22:10.744: 定位异常
2019-11-16 18:22:10.744: 接受到消息  103103
2019-11-16 18:22:10.744: 定位异常
2019-11-16 18:22:10.744: 发送消息  NG
2019-11-16 18:24:01.494: 接受到消息  103
2019-11-16 18:24:01.572: 获取图像成功(2590 * 1942)
2019-11-16 18:24:01.717: 轮廓个数不符合：0
2019-11-16 18:24:01.730: 定位异常
2019-11-16 18:24:02.495: 接受到消息  103
2019-11-16 18:24:02.574: 获取图像成功(2590 * 1942)
2019-11-16 18:24:02.751: 轮廓个数不符合：0
2019-11-16 18:24:02.764: 定位异常
2019-11-16 18:24:02.765: 接受到消息  103
2019-11-16 18:24:02.843: 获取图像成功(2590 * 1942)
2019-11-16 18:24:03.013: 轮廓个数不符合：0
2019-11-16 18:24:03.033: 定位异常
2019-11-16 18:24:03.033: 接受到消息  103103
2019-11-16 18:24:03.033: 定位异常
2019-11-16 18:24:03.033: 发送消息  NG
2019-11-16 18:24:03.034: 接受到消息  103103
2019-11-16 18:24:03.034: 定位异常
2019-11-16 18:24:03.034: 发送消息  NG
2019-11-16 18:24:15.900: 客户端断开
2019-11-16 18:24:15.951: 关闭监听
2019-11-16 18:24:15.996: 关闭相机
2019-11-16 18:24:15.996: -----结束程序-----OnCancel

2019-11-16 18:24:19.275: -----程序开始-----__init__
2019-11-16 18:24:19.276: 开始监听
2019-11-16 18:24:19.878: 打开相机成功
2019-11-16 18:25:21.116: 关闭监听
2019-11-16 18:25:21.158: 关闭相机
2019-11-16 18:25:21.159: -----结束程序-----OnCancel

2019-11-16 18:25:25.905: -----程序开始-----__init__
2019-11-16 18:25:25.906: 开始监听
2019-11-16 18:25:26.499: 打开相机成功
2019-11-16 18:25:56.290: 客户端连上
2019-11-16 18:25:57.290: 接受到消息  103
2019-11-16 18:25:57.376: 获取图像成功(2590 * 1942)
2019-11-16 18:25:57.524: 轮廓个数不符合：0
2019-11-16 18:25:57.537: 定位异常
2019-11-16 18:25:58.290: 接受到消息  103
2019-11-16 18:25:58.368: 获取图像成功(2590 * 1942)
2019-11-16 18:25:58.542: 轮廓个数不符合：0
2019-11-16 18:25:58.555: 定位异常
2019-11-16 18:25:58.556: 接受到消息  103
2019-11-16 18:25:58.633: 获取图像成功(2590 * 1942)
2019-11-16 18:25:58.805: 轮廓个数不符合：0
2019-11-16 18:25:58.817: 定位异常
2019-11-16 18:25:58.818: 接受到消息  103103
2019-11-16 18:25:58.818: 定位异常
2019-11-16 18:25:58.819: 发送消息  NG
2019-11-16 18:25:58.819: 接受到消息  103103
2019-11-16 18:25:58.819: 定位异常
2019-11-16 18:25:58.820: 发送消息  NG
2019-11-16 18:27:29.139: 客户端断开
2019-11-16 18:27:29.191: 关闭监听
2019-11-16 18:27:29.233: 关闭相机
2019-11-16 18:27:29.234: -----结束程序-----OnCancel

2019-11-16 18:30:16.172: -----程序开始-----__init__
2019-11-16 18:30:16.172: 开始监听
2019-11-16 18:30:16.743: 打开相机成功
2019-11-16 21:27:53.927: -----程序开始-----__init__
2019-11-16 21:27:53.929: 开始监听
2019-11-16 21:27:54.526: 打开相机成功
2019-11-16 21:28:45.885: 客户端连上
2019-11-16 21:28:46.886: 接受到消息  101
2019-11-16 21:28:46.972: 获取图像成功(2590 * 1942)
2019-11-16 21:28:47.109: 轮廓个数不符合：0
2019-11-16 21:28:47.120: 定位异常
2019-11-16 21:28:47.887: 接受到消息  101
2019-11-16 21:28:47.965: 获取图像成功(2590 * 1942)
2019-11-16 21:28:48.127: 轮廓个数不符合：0
2019-11-16 21:28:48.135: 定位异常
2019-11-16 21:28:48.136: 接受到消息  101
2019-11-16 21:28:48.213: 获取图像成功(2590 * 1942)
2019-11-16 21:28:48.360: 轮廓个数不符合：0
2019-11-16 21:28:48.369: 定位异常
2019-11-16 21:28:48.369: 接受到消息  101101101
2019-11-16 21:28:48.369: 定位异常
2019-11-16 21:28:48.369: 发送消息  NG
2019-11-16 21:32:49.433: 接受到消息  101
2019-11-16 21:32:49.512: 获取图像成功(2590 * 1942)
2019-11-16 21:32:49.654: 轮廓个数不符合：0
2019-11-16 21:32:49.663: 定位异常
2019-11-16 21:32:50.434: 接受到消息  101
2019-11-16 21:32:50.513: 获取图像成功(2590 * 1942)
2019-11-16 21:32:50.678: 轮廓个数不符合：0
2019-11-16 21:32:50.687: 定位异常
2019-11-16 21:32:50.687: 接受到消息  101
2019-11-16 21:32:50.765: 获取图像成功(2590 * 1942)
2019-11-16 21:32:50.932: 轮廓个数不符合：0
2019-11-16 21:32:50.940: 定位异常
2019-11-16 21:32:50.940: 接受到消息  101101
2019-11-16 21:32:50.941: 定位异常
2019-11-16 21:32:50.941: 发送消息  NG
2019-11-16 21:32:50.941: 接受到消息  101101
2019-11-16 21:32:50.942: 定位异常
2019-11-16 21:32:50.942: 发送消息  NG
2019-11-16 21:37:12.626: 接受到消息  101
2019-11-16 21:37:12.704: 获取图像成功(2590 * 1942)
2019-11-16 21:37:12.839: 轮廓个数不符合：0
2019-11-16 21:37:12.848: 定位异常
2019-11-16 21:37:13.626: 接受到消息  101
2019-11-16 21:37:13.705: 获取图像成功(2590 * 1942)
2019-11-16 21:37:13.879: 轮廓个数不符合：0
2019-11-16 21:37:13.888: 定位异常
2019-11-16 21:37:13.888: 接受到消息  101
2019-11-16 21:37:13.966: 获取图像成功(2590 * 1942)
2019-11-16 21:37:14.126: 轮廓个数不符合：0
2019-11-16 21:37:14.134: 定位异常
2019-11-16 21:37:14.134: 接受到消息  101101
2019-11-16 21:37:14.134: 定位异常
2019-11-16 21:37:14.134: 发送消息  NG
2019-11-16 21:37:14.135: 接受到消息  101101
2019-11-16 21:37:14.135: 定位异常
2019-11-16 21:37:14.135: 发送消息  NG
2019-11-16 21:43:07.430: 接受到消息  101
2019-11-16 21:43:07.508: 获取图像成功(2590 * 1942)
2019-11-16 21:43:07.648: 轮廓个数不符合：0
2019-11-16 21:43:07.657: 定位异常
2019-11-16 21:43:08.429: 接受到消息  101
2019-11-16 21:43:08.509: 获取图像成功(2590 * 1942)
2019-11-16 21:43:08.670: 轮廓个数不符合：0
2019-11-16 21:43:08.678: 定位异常
2019-11-16 21:43:08.679: 接受到消息  101
2019-11-16 21:43:08.757: 获取图像成功(2590 * 1942)
2019-11-16 21:43:08.925: 轮廓个数不符合：0
2019-11-16 21:43:08.933: 定位异常
2019-11-16 21:43:08.933: 接受到消息  101101
2019-11-16 21:43:08.934: 定位异常
2019-11-16 21:43:08.934: 发送消息  NG
2019-11-16 21:43:08.934: 接受到消息  101101
2019-11-16 21:43:08.935: 定位异常
2019-11-16 21:43:08.935: 发送消息  NG
2019-11-16 21:49:35.632: 接受到消息  101
2019-11-16 21:49:35.710: 获取图像成功(2590 * 1942)
2019-11-16 21:49:35.846: 轮廓个数不符合：0
2019-11-16 21:49:35.854: 定位异常
2019-11-16 21:49:36.632: 接受到消息  101
2019-11-16 21:49:36.712: 获取图像成功(2590 * 1942)
2019-11-16 21:49:36.878: 轮廓个数不符合：0
2019-11-16 21:49:36.887: 定位异常
2019-11-16 21:49:36.887: 接受到消息  101
2019-11-16 21:49:36.965: 获取图像成功(2590 * 1942)
2019-11-16 21:49:37.129: 轮廓个数不符合：0
2019-11-16 21:49:37.138: 定位异常
2019-11-16 21:49:37.138: 接受到消息  101101
2019-11-16 21:49:37.138: 定位异常
2019-11-16 21:49:37.139: 发送消息  NG
2019-11-16 21:49:37.139: 接受到消息  101101
2019-11-16 21:49:37.139: 定位异常
2019-11-16 21:49:37.140: 发送消息  NG
2019-11-17 13:09:21.437: -----程序开始-----__init__
2019-11-17 13:09:21.439: 开始监听
2019-11-17 13:09:22.050: 打开相机成功
2019-11-17 13:09:36.036: 客户端连上
2019-11-17 13:09:37.037: 接受到消息  102
2019-11-17 13:09:37.123: 获取图像成功(2590 * 1942)
2019-11-17 13:09:37.263: 轮廓个数不符合：0
2019-11-17 13:09:37.273: 定位异常
2019-11-17 13:09:38.038: 接受到消息  102
2019-11-17 13:09:38.116: 获取图像成功(2590 * 1942)
2019-11-17 13:09:38.287: 轮廓个数不符合：0
2019-11-17 13:09:38.296: 定位异常
2019-11-17 13:09:38.296: 接受到消息  102102
2019-11-17 13:09:38.297: 定位异常
2019-11-17 13:09:38.297: 发送消息  NG
2019-11-17 13:12:47.344: 接受到消息  102
2019-11-17 13:12:47.422: 获取图像成功(2590 * 1942)
2019-11-17 13:12:47.574: 轮廓个数不符合：0
2019-11-17 13:12:47.584: 定位异常
2019-11-17 13:12:48.344: 接受到消息  102
2019-11-17 13:12:48.423: 获取图像成功(2590 * 1942)
2019-11-17 13:12:48.576: 轮廓个数不符合：0
2019-11-17 13:12:48.585: 定位异常
2019-11-17 13:12:48.585: 接受到消息  102
2019-11-17 13:12:48.664: 获取图像成功(2590 * 1942)
2019-11-17 13:12:48.826: 轮廓个数不符合：0
2019-11-17 13:12:48.835: 定位异常
2019-11-17 13:12:48.835: 接受到消息  102102
2019-11-17 13:12:48.836: 定位异常
2019-11-17 13:12:48.836: 发送消息  NG
2019-11-17 13:12:48.837: 接受到消息  102
2019-11-17 13:12:48.915: 获取图像成功(2590 * 1942)
2019-11-17 13:12:49.080: 轮廓个数不符合：0
2019-11-17 13:12:49.090: 定位异常
2019-11-17 14:59:24.989: 客户端断开
2019-11-18 14:13:44.700: -----程序开始-----__init__
2019-11-18 14:13:44.806: 关闭监听
2019-11-18 14:15:28.200: -----结束程序-----OnCancel

2019-11-18 14:43:09.079: -----程序开始-----__init__
2019-11-18 14:43:09.187: 关闭监听
2019-11-18 15:23:27.065: -----结束程序-----OnCancel

2019-11-21 17:21:24.803: -----程序开始-----__init__
2019-11-21 17:21:24.936: 关闭监听
2019-11-21 17:21:29.323: -----结束程序-----OnCancel

2019-11-21 17:24:15.710: -----程序开始-----__init__
2019-11-21 17:24:15.814: 关闭监听
2019-11-21 17:24:18.827: -----结束程序-----OnCancel

